fatal: detected dubious ownership in repository at '/opt/esp/idf'
To add an exception for this directory, call:

	git config --global --add safe.directory /opt/esp/idf
[0mCompiler supported targets: xtensa-esp32-elf
[0m
fatal: detected dubious ownership in repository at '/opt/esp/idf'
To add an exception for this directory, call:

	git config --global --add safe.directory /opt/esp/idf
fatal: detected dubious ownership in repository at '/opt/esp/idf/components/openthread/openthread'
To add an exception for this directory, call:

	git config --global --add safe.directory /opt/esp/idf/components/openthread/openthread
fatal: detected dubious ownership in repository at '/opt/esp/idf'
To add an exception for this directory, call:

	git config --global --add safe.directory /opt/esp/idf
[0mCompiler supported targets: xtensa-esp32-elf
[0m
[01m[K/workspaces/amanita-uros-espidf/main/main.c:10:10:[m[K [01;31m[Kfatal error: [m[Kuros_network_interfaces.h: No such file or directory
   10 | #include [01;31m[K<uros_network_interfaces.h>[m[K
      |          [01;31m[K^~~~~~~~~~~~~~~~~~~~~~~~~~~[m[K
compilation terminated.
make[2]: *** [esp-idf/main/CMakeFiles/__idf_main.dir/build.make:76: esp-idf/main/CMakeFiles/__idf_main.dir/main.c.obj] Error 1
make[1]: *** [CMakeFiles/Makefile2:4475: esp-idf/main/CMakeFiles/__idf_main.dir/all] Error 2
make: *** [Makefile:136: all] Error 2
