[0.707s] DEBUG:colcon:Command line arguments: ['/opt/esp/python_env/idf5.1_py3.8_env/bin/colcon', 'build']
[0.707s] DEBUG:colcon:Parsed command line arguments: Namespace(ament_cmake_args=None, base_paths=['.'], build_base='build', catkin_cmake_args=None, catkin_skip_building_tests=False, cmake_args=None, cmake_clean_cache=False, cmake_clean_first=False, cmake_force_configure=False, cmake_target=None, cmake_target_skip_unavailable=False, continue_on_error=False, event_handlers=None, executor='parallel', ignore_user_meta=False, install_base='install', log_base=None, log_level=None, main=<bound method BuildVerb.main of <colcon_core.verb.build.BuildVerb object at 0x7fac402d27c0>>, merge_install=False, metas=['./colcon.meta'], packages_above=None, packages_above_and_dependencies=None, packages_above_depth=None, packages_end=None, packages_ignore=None, packages_ignore_regex=None, packages_select=None, packages_select_build_failed=False, packages_select_by_dep=None, packages_select_regex=None, packages_select_test_failures=False, packages_skip=None, packages_skip_build_finished=False, packages_skip_by_dep=None, packages_skip_regex=None, packages_skip_test_passed=False, packages_skip_up_to=None, packages_start=None, packages_up_to=None, packages_up_to_regex=None, parallel_workers=16, paths=None, symlink_install=False, test_result_base=None, verb_extension=<colcon_core.verb.build.BuildVerb object at 0x7fac402d27c0>, verb_name='build', verb_parser=<colcon_defaults.argument_parser.defaults.DefaultArgumentsDecorator object at 0x7fac3ff8b310>)
[0.749s] Level 1:colcon.colcon_core.package_discovery:discover_packages(colcon_meta) check parameters
[0.750s] Level 1:colcon.colcon_core.package_discovery:discover_packages(recursive) check parameters
[0.750s] Level 1:colcon.colcon_core.package_discovery:discover_packages(ignore) check parameters
[0.750s] Level 1:colcon.colcon_core.package_discovery:discover_packages(path) check parameters
[0.750s] Level 1:colcon.colcon_core.package_discovery:discover_packages(colcon_meta) discover
[0.750s] Level 1:colcon.colcon_core.package_discovery:discover_packages(recursive) discover
[0.750s] INFO:colcon.colcon_core.package_discovery:Crawling recursively for packages in '/workspaces/amanita-uros-espidf'
[0.750s] Level 1:colcon.colcon_core.package_identification:_identify(.) by extensions ['ignore', 'ignore_ament_install']
[0.750s] Level 1:colcon.colcon_core.package_identification:_identify(.) by extension 'ignore'
[0.750s] Level 1:colcon.colcon_core.package_identification:_identify(.) by extension 'ignore_ament_install'
[0.750s] Level 1:colcon.colcon_core.package_identification:_identify(.) by extensions ['colcon_pkg']
[0.750s] Level 1:colcon.colcon_core.package_identification:_identify(.) by extension 'colcon_pkg'
[0.750s] Level 1:colcon.colcon_core.package_identification:_identify(.) by extensions ['colcon_meta']
[0.750s] Level 1:colcon.colcon_core.package_identification:_identify(.) by extension 'colcon_meta'
[0.750s] Level 1:colcon.colcon_core.package_identification:_identify(.) by extensions ['ros']
[0.750s] Level 1:colcon.colcon_core.package_identification:_identify(.) by extension 'ros'
[0.773s] Level 1:colcon.colcon_core.package_identification:_identify(.) by extensions ['cmake', 'python']
[0.773s] Level 1:colcon.colcon_core.package_identification:_identify(.) by extension 'cmake'
[0.813s] Level 1:colcon.colcon_core.package_identification:_identify(.) by extension 'python'
[0.813s] DEBUG:colcon.colcon_core.package_identification:Package '.' with type 'cmake' and name 'amanita-uros-espidf'
[0.814s] Level 1:colcon.colcon_core.package_discovery:discover_packages(recursive) using defaults
[0.814s] Level 1:colcon.colcon_core.package_discovery:discover_packages(ignore) discover
[0.814s] Level 1:colcon.colcon_core.package_discovery:discover_packages(ignore) using defaults
[0.814s] Level 1:colcon.colcon_core.package_discovery:discover_packages(path) discover
[0.814s] Level 1:colcon.colcon_core.package_discovery:discover_packages(path) using defaults
[0.843s] Level 5:colcon.colcon_core.verb:set package 'amanita-uros-espidf' build argument 'cmake_args' from command line to 'None'
[0.843s] Level 5:colcon.colcon_core.verb:set package 'amanita-uros-espidf' build argument 'cmake_target' from command line to 'None'
[0.843s] Level 5:colcon.colcon_core.verb:set package 'amanita-uros-espidf' build argument 'cmake_target_skip_unavailable' from command line to 'False'
[0.843s] Level 5:colcon.colcon_core.verb:set package 'amanita-uros-espidf' build argument 'cmake_clean_cache' from command line to 'False'
[0.843s] Level 5:colcon.colcon_core.verb:set package 'amanita-uros-espidf' build argument 'cmake_clean_first' from command line to 'False'
[0.843s] Level 5:colcon.colcon_core.verb:set package 'amanita-uros-espidf' build argument 'cmake_force_configure' from command line to 'False'
[0.843s] Level 5:colcon.colcon_core.verb:set package 'amanita-uros-espidf' build argument 'ament_cmake_args' from command line to 'None'
[0.843s] Level 5:colcon.colcon_core.verb:set package 'amanita-uros-espidf' build argument 'catkin_cmake_args' from command line to 'None'
[0.843s] Level 5:colcon.colcon_core.verb:set package 'amanita-uros-espidf' build argument 'catkin_skip_building_tests' from command line to 'False'
[0.843s] DEBUG:colcon.colcon_core.verb:Building package 'amanita-uros-espidf' with the following arguments: {'ament_cmake_args': None, 'build_base': '/workspaces/amanita-uros-espidf/build/amanita-uros-espidf', 'catkin_cmake_args': None, 'catkin_skip_building_tests': False, 'cmake_args': None, 'cmake_clean_cache': False, 'cmake_clean_first': False, 'cmake_force_configure': False, 'cmake_target': None, 'cmake_target_skip_unavailable': False, 'install_base': '/workspaces/amanita-uros-espidf/install/amanita-uros-espidf', 'merge_install': False, 'path': '/workspaces/amanita-uros-espidf', 'symlink_install': False, 'test_result_base': None}
[0.847s] INFO:colcon.colcon_core.executor:Executing jobs using 'parallel' executor
[0.851s] DEBUG:colcon.colcon_parallel_executor.executor.parallel:run_until_complete
[0.851s] INFO:colcon.colcon_cmake.task.cmake.build:Building CMake package in '/workspaces/amanita-uros-espidf'
[0.856s] INFO:colcon.colcon_core.plugin_system:Skipping extension 'colcon_core.shell.bat': Not used on non-Windows systems
[0.856s] INFO:colcon.colcon_core.shell:Skip shell extension 'powershell' for command environment: Not usable outside of PowerShell
[0.856s] DEBUG:colcon.colcon_core.shell:Skip shell extension 'dsv' for command environment
[0.867s] DEBUG:colcon.colcon_core.event_handler.log_command:Invoking command in '/workspaces/amanita-uros-espidf/build/amanita-uros-espidf': /opt/esp/tools/cmake/3.24.0/bin/cmake /workspaces/amanita-uros-espidf -DCMAKE_INSTALL_PREFIX=/workspaces/amanita-uros-espidf/install/amanita-uros-espidf
[4.116s] DEBUG:colcon.colcon_core.event_handler.log_command:Invoked command in '/workspaces/amanita-uros-espidf/build/amanita-uros-espidf' returned '0': /opt/esp/tools/cmake/3.24.0/bin/cmake /workspaces/amanita-uros-espidf -DCMAKE_INSTALL_PREFIX=/workspaces/amanita-uros-espidf/install/amanita-uros-espidf
[4.121s] DEBUG:colcon.colcon_core.event_handler.log_command:Invoking command in '/workspaces/amanita-uros-espidf/build/amanita-uros-espidf': /opt/esp/tools/cmake/3.24.0/bin/cmake --build /workspaces/amanita-uros-espidf/build/amanita-uros-espidf -- -j16 -l16
[18.849s] DEBUG:colcon.colcon_core.event_handler.log_command:Invoked command in '/workspaces/amanita-uros-espidf/build/amanita-uros-espidf' returned '2': /opt/esp/tools/cmake/3.24.0/bin/cmake --build /workspaces/amanita-uros-espidf/build/amanita-uros-espidf -- -j16 -l16
[18.859s] DEBUG:colcon.colcon_parallel_executor.executor.parallel:closing loop
[18.860s] DEBUG:colcon.colcon_parallel_executor.executor.parallel:loop closed
[18.860s] DEBUG:colcon.colcon_parallel_executor.executor.parallel:run_until_complete finished with '2'
[18.860s] DEBUG:colcon.colcon_core.event_reactor:joining thread
[18.879s] INFO:colcon.colcon_core.plugin_system:Skipping extension 'colcon_notification.desktop_notification.notify2': 'notify2' not found
[18.879s] INFO:colcon.colcon_core.plugin_system:Skipping extension 'colcon_notification.desktop_notification.notify_send': Could not find 'notify-send'
[18.879s] INFO:colcon.colcon_core.plugin_system:Skipping extension 'colcon_notification.desktop_notification.terminal_notifier': Not used on non-Darwin systems
[18.879s] INFO:colcon.colcon_core.plugin_system:Skipping extension 'colcon_notification.desktop_notification.win32': Not used on non-Windows systems
[18.879s] DEBUG:colcon.colcon_core.event_reactor:joined thread
[18.883s] INFO:colcon.colcon_core.shell:Creating prefix script '/workspaces/amanita-uros-espidf/install/local_setup.ps1'
[18.884s] INFO:colcon.colcon_core.shell:Creating prefix util module '/workspaces/amanita-uros-espidf/install/_local_setup_util_ps1.py'
[18.885s] INFO:colcon.colcon_core.shell:Creating prefix chain script '/workspaces/amanita-uros-espidf/install/setup.ps1'
[18.889s] INFO:colcon.colcon_core.shell:Creating prefix script '/workspaces/amanita-uros-espidf/install/local_setup.sh'
[18.890s] INFO:colcon.colcon_core.shell:Creating prefix util module '/workspaces/amanita-uros-espidf/install/_local_setup_util_sh.py'
[18.891s] INFO:colcon.colcon_core.shell:Creating prefix chain script '/workspaces/amanita-uros-espidf/install/setup.sh'
[18.896s] INFO:colcon.colcon_core.shell:Creating prefix script '/workspaces/amanita-uros-espidf/install/local_setup.bash'
[18.896s] INFO:colcon.colcon_core.shell:Creating prefix chain script '/workspaces/amanita-uros-espidf/install/setup.bash'
[18.900s] INFO:colcon.colcon_core.shell:Creating prefix script '/workspaces/amanita-uros-espidf/install/local_setup.zsh'
[18.901s] INFO:colcon.colcon_core.shell:Creating prefix chain script '/workspaces/amanita-uros-espidf/install/setup.zsh'
